C51 COMPILER V9.60.0.0   DS1302                                                            04/04/2023 17:30:51 PAGE 1   


C51 COMPILER V9.60.0.0, COMPILATION OF MODULE DS1302
OBJECT MODULE PLACED IN .\Objects\ds1302.obj
COMPILER INVOKED BY: C:\Keil_v5\C51\BIN\C51.EXE others\ds1302.c OPTIMIZE(8,SPEED) BROWSE INCDIR(.\others) DEBUG OBJECTEX
                    -TEND PRINT(.\Listings\ds1302.lst) TABS(2) OBJECT(.\Objects\ds1302.obj)

line level    source

   1          /*  #   DS1302代码片段说明
   2            1.  本文件夹中提供的驱动代码供参赛选手完成程序设计参考。
   3            2.  参赛选手可以自行编写相关代码或以该代码为基础，根据所选单片机类型、运行速度和试题
   4              中对单片机时钟频率的要求，进行代码调试和修改。
   5          */                
   6          
   7          #include "ds1302.h"
   8          
   9          sbit SCK = P1^7;
  10          sbit SDA = P2^3;
  11          sbit RST = P1^3;
  12          
  13          //
  14          void Write_Ds1302(unsigned  char temp) 
  15          {
  16   1        unsigned char i;
  17   1        for (i=0;i<8;i++)
  18   1        {
  19   2          SCK = 0;
  20   2          SDA = temp&0x01;
  21   2          temp>>=1; 
  22   2          SCK=1;
  23   2        }
  24   1      }   
  25          
  26          //
  27          void Write_Ds1302_Byte( unsigned char address,unsigned char dat )     
  28          {
  29   1        RST=0;  _nop_();
  30   1        SCK=0;  _nop_();
  31   1        RST=1;  _nop_();  
  32   1        Write_Ds1302(address);  
  33   1        Write_Ds1302(dat);    
  34   1        RST=0; 
  35   1      }
  36          
  37          //
  38          unsigned char Read_Ds1302_Byte ( unsigned char address )
  39          {
  40   1        unsigned char i,temp=0x00;
  41   1        RST=0;  _nop_();
  42   1        SCK=0;  _nop_();
  43   1        RST=1;  _nop_();
  44   1        Write_Ds1302(address);
  45   1        for (i=0;i<8;i++)   
  46   1        {   
  47   2          SCK=0;
  48   2          temp>>=1; 
  49   2          if(SDA)
  50   2          temp|=0x80; 
  51   2          SCK=1;
  52   2        } 
  53   1        RST=0;  _nop_();
  54   1        SCK=0;  _nop_();
C51 COMPILER V9.60.0.0   DS1302                                                            04/04/2023 17:30:51 PAGE 2   

  55   1        SCK=1;  _nop_();
  56   1        SDA=0;  _nop_();
  57   1        SDA=1;  _nop_();
  58   1        return (temp);      
  59   1      }
  60          
  61          /* ------------------------------------- */
  62          #define DATA_NUM 3 //数据个数
  63          
  64          uint8_t time_10[DATA_NUM] = { 23, 59, 55, };
  65          static uint8_t time_16[DATA_NUM] = { 0x23, 0x59, 0x55, };
  66          
  67          void time_10_to_16(void)
  68          {
  69   1        uint8_t num;
  70   1        for (num = 0; num < DATA_NUM; num++) 
  71   1          time_16[num] = time_10[num] / 10 * 0x10 + time_10[num] % 10;
  72   1      }
  73          
  74          void time_16_to_10(void)
  75          {
  76   1        uint8_t num;
  77   1        for (num = 0; num < DATA_NUM; num++) 
  78   1          time_10[num] = time_16[num] / 0x10 * 10 + time_16[num] % 0x10;
  79   1      }
  80          
  81          void write_ds1302(void)
  82          {
  83   1        time_10_to_16();
  84   1        
  85   1        Write_Ds1302_Byte(0x84, time_16[0]); // 时
  86   1        Write_Ds1302_Byte(0x82, time_16[1]); // 分
  87   1        Write_Ds1302_Byte(0x80, time_16[2]); // 秒
  88   1      }
  89          
  90          void read_ds1302(void)
  91          {
  92   1        time_16[0] = Read_Ds1302_Byte(0x85); // 时
  93   1        time_16[1] = Read_Ds1302_Byte(0x83); // 分
  94   1        time_16[2] = Read_Ds1302_Byte(0x81); // 秒
  95   1        
  96   1        time_16_to_10();
  97   1      }


MODULE INFORMATION:   STATIC OVERLAYABLE
   CODE SIZE        =    243    ----
   CONSTANT SIZE    =   ----    ----
   XDATA SIZE       =   ----    ----
   PDATA SIZE       =   ----    ----
   DATA SIZE        =      6    ----
   IDATA SIZE       =   ----    ----
   BIT SIZE         =   ----    ----
END OF MODULE INFORMATION.


C51 COMPILATION COMPLETE.  0 WARNING(S),  0 ERROR(S)
