C51 COMPILER V9.60.0.0   IIC                                                               03/28/2023 16:55:20 PAGE 1   


C51 COMPILER V9.60.0.0, COMPILATION OF MODULE IIC
OBJECT MODULE PLACED IN .\Objects\iic.obj
COMPILER INVOKED BY: C:\Keil_v5\C51\BIN\C51.EXE others\iic.c OPTIMIZE(8,SPEED) BROWSE INCDIR(.\others) DEBUG OBJECTEXTEN
                    -D PRINT(.\Listings\iic.lst) TABS(2) OBJECT(.\Objects\iic.obj)

line level    source

   1          /*  #   I2C代码片段说明
   2            1.  本文件夹中提供的驱动代码供参赛选手完成程序设计参考。
   3            2.  参赛选手可以自行编写相关代码或以该代码为基础，根据所选单片机类型、
             -行速度和试题
   4              中对单片机时钟频率的要求，进行代码调试和修改。
   5          */
   6          
   7          #include "iic.h"
   8          
   9          #define DELAY_TIME  5
  10          
  11          sbit scl = P2^0;
  12          sbit sda = P2^1;
  13          
  14          //
  15          static void I2C_Delay(unsigned char n)
  16          {
  17   1          do
  18   1          {
  19   2              _nop_();_nop_();_nop_();_nop_();_nop_();
  20   2              _nop_();_nop_();_nop_();_nop_();_nop_();
  21   2              _nop_();_nop_();_nop_();_nop_();_nop_();    
  22   2          }
  23   1          while(n--);       
  24   1      }
  25          
  26          //
  27          void I2CStart(void)
  28          {
  29   1          sda = 1;
  30   1          scl = 1;
  31   1        I2C_Delay(DELAY_TIME);
  32   1          sda = 0;
  33   1        I2C_Delay(DELAY_TIME);
  34   1          scl = 0;    
  35   1      }
  36          
  37          //
  38          void I2CStop(void)
  39          {
  40   1          sda = 0;
  41   1          scl = 1;
  42   1        I2C_Delay(DELAY_TIME);
  43   1          sda = 1;
  44   1        I2C_Delay(DELAY_TIME);
  45   1      }
  46          
  47          // 发送字节
  48          void I2CSendByte(unsigned char byt)
  49          {
  50   1          unsigned char i;
  51   1        
  52   1          for(i=0; i<8; i++){
  53   2              scl = 0;
C51 COMPILER V9.60.0.0   IIC                                                               03/28/2023 16:55:20 PAGE 2   

  54   2          I2C_Delay(DELAY_TIME);
  55   2              if(byt & 0x80){
  56   3                  sda = 1;
  57   3              }
  58   2              else{
  59   3                  sda = 0;
  60   3              }
  61   2          I2C_Delay(DELAY_TIME);
  62   2              scl = 1;
  63   2              byt <<= 1;
  64   2          I2C_Delay(DELAY_TIME);
  65   2          }
  66   1        
  67   1          scl = 0;  
  68   1      }
  69          
  70          // 接收字节
  71          unsigned char I2CReceiveByte(void)
  72          {
  73   1        unsigned char da;
  74   1        unsigned char i;
  75   1        for(i=0;i<8;i++){   
  76   2          scl = 1;
  77   2          I2C_Delay(DELAY_TIME);
  78   2          da <<= 1;
  79   2          if(sda) 
  80   2            da |= 0x01;
  81   2          scl = 0;
  82   2          I2C_Delay(DELAY_TIME);
  83   2        }
  84   1        return da;    
  85   1      }
  86          
  87          // 等待回应
  88          unsigned char I2CWaitAck(void)
  89          {
  90   1        unsigned char ackbit;
  91   1        
  92   1          scl = 1;
  93   1        I2C_Delay(DELAY_TIME);
  94   1          ackbit = sda; 
  95   1          scl = 0;
  96   1        I2C_Delay(DELAY_TIME);
  97   1        
  98   1        return ackbit;
  99   1      }
 100          
 101          // 发送回应
 102          void I2CSendAck(unsigned char ackbit)
 103          {
 104   1          scl = 0;
 105   1          sda = ackbit; 
 106   1        I2C_Delay(DELAY_TIME);
 107   1          scl = 1;
 108   1        I2C_Delay(DELAY_TIME);
 109   1          scl = 0; 
 110   1        sda = 1;
 111   1        I2C_Delay(DELAY_TIME);
 112   1      }
 113          
 114          /* ------------------at24c02----------------- */
 115          void e2prom_write(uint8_t addr, uint8_t *Data, uint8_t len)
C51 COMPILER V9.60.0.0   IIC                                                               03/28/2023 16:55:20 PAGE 3   

 116          {
 117   1        I2CStart();
 118   1        I2CSendByte(0xA0);
 119   1        I2CWaitAck();
 120   1        I2CSendByte(addr);
 121   1        I2CWaitAck();
 122   1        while(len--)
 123   1        {
 124   2          I2CSendByte(*Data);
 125   2          I2CWaitAck();
 126   2          Data++;
 127   2        }
 128   1        I2CStop();
 129   1        I2C_Delay(DELAY_TIME);
 130   1      }
 131          
 132          void e2prom_read(uint8_t addr, uint8_t *Data, uint8_t len)
 133          {
 134   1        I2CStart();
 135   1        I2CSendByte(0xA0);
 136   1        I2CWaitAck();
 137   1        I2CSendByte(addr);
 138   1        I2CWaitAck();
 139   1        
 140   1        I2CStart();
 141   1        I2CSendByte(0xA1);
 142   1        I2CWaitAck();
 143   1        
 144   1        loop:
 145   1        *Data = I2CReceiveByte();
 146   1        if (--len)
 147   1        {
 148   2          I2CSendAck(0); //发送应答
 149   2          Data++;
 150   2          goto loop;
 151   2        }
 152   1        I2CSendAck(1); //发送非应答
 153   1        I2CStop();
 154   1      }
 155          
 156          /* ------------------pcf8591----------------- */
 157          uint8_t control_byte = 0x04;
 158          uint8_t dac_level = 0; //当前dac输出的等级，输出前先修改这个值再调用输出函数
 159          uint8_t adc_level[4] = { 0 };
 160          
 161          void dac_out(void)
 162          {
 163   1        control_byte |= 0x40; //开启dac输出
 164   1        
 165   1        I2CStart();
 166   1        I2CSendByte(0x90);
 167   1        I2CWaitAck();
 168   1        I2CSendByte(control_byte);
 169   1        I2CWaitAck();
 170   1        I2CSendByte(dac_level);
 171   1        I2CWaitAck();
 172   1        I2CStop();
 173   1      }
 174          
 175          void dac_stop(void)
 176          {
 177   1        control_byte &= ~0x40; //关闭dac输出
C51 COMPILER V9.60.0.0   IIC                                                               03/28/2023 16:55:20 PAGE 4   

 178   1        
 179   1        I2CStart();
 180   1        I2CSendByte(0x90);
 181   1        I2CWaitAck();
 182   1        I2CSendByte(control_byte);
 183   1        I2CWaitAck();
 184   1        I2CStop();
 185   1      }
 186          
 187          void adc_read(void)
 188          {
 189   1        I2CStart();
 190   1        I2CSendByte(0x90);
 191   1        I2CWaitAck();
 192   1        I2CSendByte(control_byte);
 193   1        I2CWaitAck();
 194   1        
 195   1        I2CStart();
 196   1        I2CSendByte(0x91);
 197   1        I2CWaitAck();
 198   1        
 199   1        I2CReceiveByte(); //第一次读取的数据不要使用
 200   1        I2CSendAck(0); //发送应答
 201   1        adc_level[0] = I2CReceiveByte();
 202   1        I2CSendAck(0); //发送应答
 203   1        adc_level[1] = I2CReceiveByte();
 204   1        I2CSendAck(0); //发送应答
 205   1        adc_level[2] = I2CReceiveByte();
 206   1        I2CSendAck(0); //发送应答
 207   1        adc_level[3] = I2CReceiveByte();
 208   1        I2CSendAck(1); //发送非应答
 209   1        I2CStop();
 210   1      }


MODULE INFORMATION:   STATIC OVERLAYABLE
   CODE SIZE        =    400    ----
   CONSTANT SIZE    =   ----    ----
   XDATA SIZE       =   ----    ----
   PDATA SIZE       =   ----    ----
   DATA SIZE        =      6      10
   IDATA SIZE       =   ----    ----
   BIT SIZE         =   ----    ----
END OF MODULE INFORMATION.


C51 COMPILATION COMPLETE.  0 WARNING(S),  0 ERROR(S)
